[0;37m[  INFO   ][0m :  
Program Configuration
 - Run Type      : RECTIFY
 - Image Filename: data/test.ntf

Camera Configuration
 - Focal Length  : 0.5
 - Rotation Angle: 15
 - Rotation Axis : vec( 0.707107, 0.707107, 0 )

Build Image Configuration
 - Build Image Size: 0, 0
 - Build Image Type: 
 - Z Buffering     : True

Rectify Image Configuration
 - Rectify Image Type: CV_8UC3
 - Perspective2Parallel: False

[0;37m[  INFO   ][0m :  Input  image size: 4872 x 3248
[0;37m[  INFO   ][0m :  Output image size: 5980 x 4270
[0;37m[  INFO   ][0m :  GSD: 1.21239
[0;37m[  INFO   ][0m :  TL World: ( -1453.94, 883.494, 0) 
[0;37m[  INFO   ][0m :  TR World: ( 3109.92, 1533.16, 0) 
[0;37m[  INFO   ][0m :  BL World: ( -2009.54, -1829.95, 0) 
[0;37m[  INFO   ][0m :  BR World: ( 5240.11, -3642.93, 0) 
[0;37m[  INFO   ][0m :  Cam Position: ( 0, 0, 1624) 
